2025-06-30 07:42:11,445 - root - INFO - Приложение запущено
2025-06-30 07:43:20,556 - root - INFO - Запуск парсинга категории: https://www.ozon.ru/category/sistemnye-bloki-15704/?category_was_predicted=true&deny_category_prediction=true&from_global=true&text=%D0%BA%D0%BE%D0%BC%D0%BF%D1%8C%D1%8E%D1%82%D0%B5%D1%80
2025-06-30 07:43:20,571 - excel_exporter - INFO - Файл результатов: results\?category_was_predicted=true&deny_category_prediction=true&from_global=true&text=%D0%BA%D0%BE%D0%BC%D0%BF%D1%8C%D1%8E%D1%82%D0%B5%D1%80_30.06.2025-07_43_20.xlsx
2025-06-30 07:43:20,571 - product_parser - INFO - Инициализирован парсер для категории: ?category_was_predicted=true&deny_category_prediction=true&from_global=true&text=%D0%BA%D0%BE%D0%BC%D0%BF%D1%8C%D1%8E%D1%82%D0%B5%D1%80
2025-06-30 07:43:20,571 - root - ERROR - Ошибка при парсинге категории: 'TelegramBotApp' object has no attribute 'workers_var'
2025-06-30 07:49:12,123 - root - INFO - Приложение запущено
2025-06-30 07:49:42,835 - root - INFO - Запуск парсинга категории: https://www.ozon.ru/category/sistemnye-bloki-15704/?category_was_predicted=true&deny_category_prediction=true&from_global=true&text=%D0%BA%D0%BE%D0%BC%D0%BF%D1%8C%D1%8E%D1%82%D0%B5%D1%80
2025-06-30 07:49:42,853 - excel_exporter - INFO - Файл результатов: results\?category_was_predicted=true&deny_category_prediction=true&from_global=true&text=%D0%BA%D0%BE%D0%BC%D0%BF%D1%8C%D1%8E%D1%82%D0%B5%D1%80_30.06.2025-07_49_42.xlsx
2025-06-30 07:49:42,853 - product_parser - INFO - Инициализирован парсер для категории: ?category_was_predicted=true&deny_category_prediction=true&from_global=true&text=%D0%BA%D0%BE%D0%BC%D0%BF%D1%8C%D1%8E%D1%82%D0%B5%D1%80
2025-06-30 07:49:42,856 - link_parser - INFO - Категория: sistemnye-bloki-15704
2025-06-30 07:49:48,129 - driver_manager - INFO - Создан новый браузер с selenium-stealth. Всего активных: 1
2025-06-30 07:49:48,161 - link_parser - INFO - Браузер инициализирован через DriverManager
2025-06-30 07:49:48,161 - link_parser - INFO - Загрузка страницы: https://www.ozon.ru/category/sistemnye-bloki-15704/?category_was_predicted=true&deny_category_prediction=true&from_global=true&text=%D0%BA%D0%BE%D0%BC%D0%BF%D1%8C%D1%8E%D1%82%D0%B5%D1%80
2025-06-30 07:49:53,012 - link_parser - INFO - Страница успешно загружена
2025-06-30 07:49:53,384 - link_parser - INFO - Найдено новых ссылок: 8
2025-06-30 07:49:53,384 - link_parser - INFO - Начальное количество ссылок: 8/150
2025-06-30 07:49:57,326 - link_parser - INFO - Найдено новых ссылок: 28
2025-06-30 07:49:57,326 - link_parser - INFO - Всего ссылок: 36/150
2025-06-30 07:50:01,111 - link_parser - INFO - Найдено новых ссылок: 24
2025-06-30 07:50:01,111 - link_parser - INFO - Всего ссылок: 60/150
2025-06-30 07:50:14,442 - root - INFO - Приложение запущено
2025-06-30 07:50:52,742 - root - ERROR - Ошибка сохранения конфигурации: 'TelegramBotApp' object has no attribute 'config_info_var'
2025-06-30 07:55:48,816 - root - ERROR - Ошибка загрузки конфигурации: 'TelegramBotApp' object has no attribute 'config_info_var'
2025-06-30 07:55:48,835 - root - INFO - Приложение запущено
2025-06-30 07:55:55,546 - root - ERROR - Ошибка сохранения конфигурации: 'TelegramBotApp' object has no attribute 'config_info_var'
2025-06-30 07:56:30,328 - root - INFO - Обновление логов...
2025-06-30 07:56:30,418 - root - INFO - Обновление логов...
2025-06-30 07:56:31,870 - root - INFO - Логи очищены
2025-06-30 07:58:40,098 - root - INFO - Конфигурация успешно загружена
2025-06-30 07:58:40,115 - root - INFO - Приложение запущено
2025-06-30 07:58:48,919 - root - INFO - Конфигурация успешно сохранена
2025-06-30 07:58:54,213 - root - INFO - Попытка запуска бота...
2025-06-30 07:58:54,213 - root - ERROR - Ошибка при запуске бота: name 'load_config' is not defined
2025-06-30 08:00:11,792 - root - INFO - Конфигурация успешно загружена
2025-06-30 08:00:11,810 - root - INFO - Приложение запущено
2025-06-30 08:00:17,004 - root - INFO - Попытка запуска бота...
2025-06-30 08:00:17,004 - root - ERROR - Ошибка при запуске бота: 'TelegramBotApp' object has no attribute 'utils'
2025-06-30 08:02:13,829 - root - INFO - Попытка запуска бота...
2025-06-30 08:02:13,830 - root - ERROR - Ошибка при запуске бота: 'TelegramBotApp' object has no attribute 'utils'
2025-06-30 08:03:29,619 - root - INFO - Конфигурация успешно загружена
2025-06-30 08:03:29,631 - root - INFO - Приложение запущено
2025-06-30 08:03:33,411 - root - INFO - Попытка запуска бота...
2025-06-30 08:03:33,412 - root - ERROR - Ошибка при запуске бота: 'TelegramBotApp' object has no attribute 'utils'
2025-06-30 08:04:02,711 - root - INFO - Конфигурация успешно загружена
2025-06-30 08:04:02,722 - root - INFO - Приложение запущено
2025-06-30 08:04:07,913 - root - INFO - Попытка запуска бота...
2025-06-30 08:04:07,914 - root - ERROR - Ошибка при запуске бота: 'TelegramBotApp' object has no attribute 'utils2'
2025-06-30 08:04:18,076 - root - INFO - Конфигурация успешно загружена
2025-06-30 08:04:18,087 - root - INFO - Приложение запущено
2025-06-30 08:04:21,260 - root - INFO - Попытка запуска бота...
2025-06-30 08:04:21,261 - root - ERROR - Ошибка при запуске бота: 'TelegramBotApp' object has no attribute 'utils2'
2025-06-30 08:04:39,548 - root - INFO - Конфигурация успешно загружена
2025-06-30 08:04:39,562 - root - INFO - Приложение запущено
2025-06-30 08:04:44,840 - root - INFO - Попытка запуска бота...
2025-06-30 08:04:44,841 - root - ERROR - Ошибка при запуске бота: 'TelegramBotApp' object has no attribute 'utils'
2025-06-30 08:11:09,283 - root - INFO - Конфигурация успешно загружена
2025-06-30 08:11:09,291 - root - INFO - Приложение запущено
2025-06-30 08:11:13,225 - root - INFO - Попытка запуска бота...
2025-06-30 08:11:13,226 - root - ERROR - Ошибка при запуске бота: Utils.load_config() takes from 0 to 1 positional arguments but 2 were given
2025-06-30 08:15:22,927 - root - INFO - Конфигурация успешно загружена
2025-06-30 08:15:22,940 - root - INFO - Приложение запущено
2025-06-30 08:16:53,797 - root - INFO - Попытка запуска бота...
2025-06-30 08:16:53,797 - root - ERROR - Ошибка при запуске бота: name 'logger' is not defined
2025-06-30 08:32:52,620 - root - INFO - Конфигурация успешно загружена
2025-06-30 08:32:52,637 - root - INFO - Приложение запущено
2025-06-30 08:32:57,641 - root - INFO - Попытка запуска бота...
2025-06-30 08:32:57,641 - root - ERROR - Ошибка при запуске бота: 'TelegramBotApp' object has no attribute 'load_config_file'
2025-06-30 08:33:19,150 - root - INFO - Конфигурация успешно загружена
2025-06-30 08:33:19,162 - root - INFO - Приложение запущено
2025-06-30 08:33:24,237 - root - INFO - Попытка запуска бота...
2025-06-30 08:33:24,237 - root - ERROR - Ошибка при запуске бота: name 'logger' is not defined
2025-06-30 08:34:17,758 - root - INFO - Конфигурация успешно загружена
2025-06-30 08:34:17,771 - root - INFO - Приложение запущено
2025-06-30 08:34:21,034 - root - INFO - Попытка запуска бота...
2025-06-30 08:34:21,035 - root - ERROR - Ошибка при запуске бота: name 'logger' is not defined
